Case #1: CAB
Case #2: MJA
Case #3: OC
Case #4: BABAA
Case #5: CCABCBBAB
Case #6: CABCABCAB
Case #7: ZXCASDQWE
Case #8: CBCBBBAAAAACCCB
Case #9: CBBBBBAAAACCCCA
Case #10: CACBACACACBAACA
Case #11: ZACBA
Case #12: ZDABC
Case #13: BABAABABAABAA
Case #14: CCBBBCBAA
Case #15: BBA
Case #16: MMCGHLA
Case #17: CAAAAACBBBBCCC
Case #18: BAA
Case #19: ZABCD
Case #20: CCCCCBBBBAABAAA
Case #21: CAABAABCBBBCACC
Case #22: CCABCBBBCCBCBA
Case #23: BAA
Case #24: BA
Case #25: ZDCBA
Case #26: MALKIHEDBAMCFGJ
Case #27: CBBBBBCCCC
Case #28: DAABBCBDC
Case #29: OHENMKJADGLF
Case #30: OAEDMBFGHIJCLKN
Case #31: CAABACBABBBBAA
Case #32: CABCBCAC
Case #33: CBCCCACBBCAACBC
Case #34: BAAA
Case #35: CCAABCBABABCBBB
Case #36: BA
Case #37: OGMNLKJCH
Case #38: OEMABKHJI
Case #39: RABRACADAB
Case #40: MMDEFGLA
Case #41: CABBCCABAAABB
Case #42: MMLJGEDCBA
Case #43: DABBAABCABACA
Case #44: MALKHEDCAMBFGIJ
Case #45: BA
Case #46: ZY
Case #47: CBA
Case #48: CAABCCACBACAC
Case #49: CBBBBBAAAAACCCC
Case #50: CAB
Case #51: ZA
Case #52: BAB
Case #53: Z
Case #54: DBCACCADADAD
Case #55: YYHHTFVWBDSTP
Case #56: CCCB
Case #57: OAFCJHBKME
Case #58: XGBLTQNMQSPLLBJ
Case #59: CABBCBABCCBC
Case #60: CBBBBBABAACBCBA
Case #61: DAABBCBBBBAAAB
Case #62: DAABABCBBBBAA
Case #63: BBB
Case #64: CA
Case #65: ZADBC
Case #66: OACJIEKDMGHF
Case #67: BB
Case #68: CAAAABBBBAABC
Case #69: ZPVM
Case #70: CCBACBBCBACBABC
Case #71: CABABBCCCC
Case #72: CAAAABAABBAABB
Case #73: ZAYBXCWDUE
Case #74: AA
Case #75: ZABCDE
Case #76: ZYPJKQGRGQ
Case #77: OHNCDEFGAIJKLMB
Case #78: BAA
Case #79: CBCABCCAAAAAA
Case #80: CAAAAAAABBBBA
Case #81: CBACBACAABBBBCA
Case #82: CAAAAABBBBBCCCC
Case #83: CAABAACCBBBC
Case #84: CB
Case #85: CBCABAABCCACBAB
Case #86: OHMNKLJI
Case #87: CBBACCABABBABA
Case #88: BAAA
Case #89: AAA
Case #90: CBA
Case #91: BA
Case #92: CBACCAAACAABAA
Case #93: CCCCCBBBBBAAAAA
Case #94: CAACAABAABBBBCC
Case #95: ZAAAA
Case #96: BBA
Case #97: A
Case #98: ONF
Case #99: OAGCDKFHEBJILNM
Case #100: MABCEFHIKLMAJGD
