Case #1: CAB
Case #2: MJA
Case #3: OC
Case #4: BABAA
Case #5: CCABCBBAB
Case #6: CABCABCAB
Case #7: ZXCASDQWE
Case #8: YSFWGLQBFLWKWKX
Case #9: ZADBC
Case #10: CBBBABBBCCCBBCA
Case #11: CBCBCCABAABAA
Case #12: CBBBBBCCCC
Case #13: ZDCBA
Case #14: DAABBCCAABBBCC
Case #15: CCCBBCAACACC
Case #16: CCCBCBABBBCABCC
Case #17: Z
Case #18: OABDNEFGHIJKLMC
Case #19: MAMEFGHK
Case #20: BA
Case #21: CBBCBBAAACAACBC
Case #22: ZABCDE
Case #23: CAAABCABCBABBC
Case #24: A
Case #25: BAAA
Case #26: OGIBLJNFHKE
Case #27: BA
Case #28: ZAAAA
Case #29: DAAABABACDCD
Case #30: OBIJLFGMHDCKNE
Case #31: CAAAAABBBBBCCCC
Case #32: BBA
Case #33: CAAABCBAA
Case #34: CAB
Case #35: MAJIHEDCMABFGKL
Case #36: BAB
Case #37: CCCCACC
Case #38: ZACBA
Case #39: OABCDKF
Case #40: OABKDNIGELC
Case #41: CAAAAAAABAABAA
Case #42: ZA
Case #43: CCCABBBBACCC
Case #44: ZABCD
Case #45: BABAABABAABAA
Case #46: ZDABC
Case #47: AA
Case #48: CAAABAACBBBCBCC
Case #49: CACCABACCBBC
Case #50: OINLKBAHGEFDCJM
Case #51: CCACAABACBACAAC
Case #52: MAECBMADFGHIJKL
Case #53: CBCCCABBBBCA
Case #54: CCAACBCAACBBAA
Case #55: ZAYBXCWDUE
Case #56: YDDVKDQSRGGDK
Case #57: OMNEGJIHKFLDCBA
Case #58: MACDFGIKLMAJHEB
Case #59: CBA
Case #60: DBBAABCBDCBD
Case #61: CAACBBBBCAAABBB
Case #62: CB
Case #63: CBBBBBAAAAACCCC
Case #64: AAA
Case #65: CBBBBBACAAACCAC
Case #66: CBCAACBAACABAC
Case #67: CA
Case #68: CCBBBBCCBC
Case #69: BAA
Case #70: CAAAAAAAAAABC
Case #71: YPBRV
Case #72: CCCCCBABBBAAABA
Case #73: BAA
Case #74: CBBBBBACCCCAAA
Case #75: MMHFEB
Case #76: RABRACADAB
Case #77: CBA
Case #78: BAAA
Case #79: OHNEIJKLGFBACMD
Case #80: CCCCCBBBBBAAAAA
Case #81: OHICDLFGEMJAKBN
Case #82: CCACAAAACBCAACB
Case #83: WWGHWQ
Case #84: CAACBCCBABBBAB
Case #85: BBA
Case #86: CACCCBACBBCBA
Case #87: ZSPXFPSZW
Case #88: MAMHIJA
Case #89: OMJCDEKGHBAIFNL
Case #90: CCBAABBC
Case #91: BA
Case #92: CBA
Case #93: CAAABAACAC
Case #94: DAAAAABACDBC
Case #95: BB
Case #96: BA
Case #97: BAA
Case #98: BBB
Case #99: DAAABBBCABACAB
Case #100: CAAABBCBCBC
