Case #1: CAB
Case #2: MJA
Case #3: OC
Case #4: BABAA
Case #5: CCABCBBAB
Case #6: CABCABCAB
Case #7: ZXCASDQWE
Case #8: A
Case #9: CBAACBAAABAAC
Case #10: CABABBBAABCBA
Case #11: CB
Case #12: CCBCCBAACBBBBA
Case #13: MBEIKMALJHGFDC
Case #14: BAAA
Case #15: CBBACCBCBABABBA
Case #16: CAB
Case #17: CACAAABBBCBACCB
Case #18: CBAAABBBBBABA
Case #19: BAA
Case #20: MMLJIHDC
Case #21: CBABBBBCCBA
Case #22: CAB
Case #23: BBA
Case #24: CBCCCABBCBCCCB
Case #25: CCCCCBBBBBAAAAA
Case #26: BA
Case #27: CBCCCCACCBCAC
Case #28: ZA
Case #29: ZAAAA
Case #30: CCACCCBBBBBAAA
Case #31: CA
Case #32: CBBBBBCCCC
Case #33: AA
Case #34: CBBBCACCBC
Case #35: XMRGVFHWJLNLVHW
Case #36: BA
Case #37: CAAAACBBBBBCCC
Case #38: OMNAKJIHEFGDCBL
Case #39: BAA
Case #40: CBBCBCBBCA
Case #41: DBCACAACAABBB
Case #42: ZAYBXCWDUE
Case #43: ZDCBA
Case #44: OHBIJEFGCADK
Case #45: DBBCCBACBAAACA
Case #46: OGMBLFNIJKEAHC
Case #47: CAAAAABBBBBCCCC
Case #48: CBABCBBABABABA
Case #49: CCCCCCCBABCB
Case #50: ZABCD
Case #51: BBA
Case #52: CBBBBBAAAAACCCC
Case #53: MAMKJGFE
Case #54: ZACBA
Case #55: Z
Case #56: OAMFDEHGKIJCLBN
Case #57: OLMIKFJHCG
Case #58: CCBCBACABCB
Case #59: CBBBBCAAAAABCCC
Case #60: OABE
Case #61: BAAA
Case #62: ZADBC
Case #63: DAABABBBABAC
Case #64: CBCCACCBABBCBB
Case #65: CBBBBBAAAACCACC
Case #66: MLKJGFDAMBCEHI
Case #67: OMCNKGIDJFEHLBA
Case #68: YXKSDTBKBMFJPFF
Case #69: DAABCCABAAAA
Case #70: RABRACADAB
Case #71: CBA
Case #72: DBABAABABAAC
Case #73: BA
Case #74: OKBLMHIECFDJGNA
Case #75: AAA
Case #76: MAMGHJKL
Case #77: ZABCDE
Case #78: BA
Case #79: CABBCCCAB
Case #80: CBBBACBABBAACA
Case #81: ZDABC
Case #82: OGCIDKFALBJEHNM
Case #83: BAA
Case #84: CAAAAAABBBBABA
Case #85: BAB
Case #86: BB
Case #87: MCDFIKLMAJHGEB
Case #88: BBB
Case #89: BABAABABAABAA
Case #90: CBA
Case #91: CAAABCBBAABA
Case #92: CBCBBBCCABBCAB
Case #93: CACCCCBBBBBAA
Case #94: ZDDMWD
Case #95: CBCCAA
Case #96: CBAABBCCCBBBAA
Case #97: VGLQQTHRHPHS
Case #98: OABCIGFEHDJKLMN
Case #99: CBCAACAAABBBCA
Case #100: VFKVKSPJVHF
